0 verbose cli /usr/bin/node /usr/bin/npm
1 info using npm@10.9.3
2 info using node@v22.19.0
3 silly config load:file:/usr/lib/node_modules/npm/npmrc
4 silly config load:file:/home/ubuntu/wikiflow/.npmrc
5 silly config load:file:/usr/etc/npmrc
6 verbose title npm install
7 verbose argv "install" "--omit" "dev"
8 verbose logfile logs-max:10 dir:/home/ubuntu/wikiflow/.npm/_logs/2025-09-13T01_24_32_141Z-
9 verbose logfile /home/ubuntu/wikiflow/.npm/_logs/2025-09-13T01_24_32_141Z-debug-0.log
10 silly logfile done cleaning log files
11 silly packumentCache heap:492044288 maxSize:123011072 maxEntrySize:61505536
12 silly idealTree buildDeps
13 silly reify moves {}
14 silly audit bulk request {
14 silly audit   aproba: [ '2.1.0' ],
14 silly audit   accepts: [ '1.3.8' ],
14 silly audit   'agent-base': [ '6.0.2' ],
14 silly audit   debug: [ '4.4.1', '2.6.9', '3.2.7' ],
14 silly audit   abbrev: [ '1.1.1' ],
14 silly audit   'array-flatten': [ '1.1.1' ],
14 silly audit   'ansi-regex': [ '5.0.1' ],
14 silly audit   'are-we-there-yet': [ '2.0.0' ],
14 silly audit   'balanced-match': [ '1.0.2' ],
14 silly audit   'better-sqlite3': [ '9.6.0' ],
14 silly audit   'base64-js': [ '1.5.1' ],
14 silly audit   bcrypt: [ '5.1.1' ],
14 silly audit   bindings: [ '1.5.0' ],
14 silly audit   'brace-expansion': [ '1.1.12' ],
14 silly audit   bl: [ '4.1.0' ],
14 silly audit   bytes: [ '3.1.2' ],
14 silly audit   buffer: [ '5.7.1' ],
14 silly audit   'body-parser': [ '1.20.3' ],
14 silly audit   ms: [ '2.0.0', '2.1.3' ],
14 silly audit   'color-support': [ '1.1.3' ],
14 silly audit   'call-bind-apply-helpers': [ '1.0.2' ],
14 silly audit   chownr: [ '2.0.0', '1.1.4' ],
14 silly audit   'console-control-strings': [ '1.1.0' ],
14 silly audit   'call-bound': [ '1.0.4' ],
14 silly audit   'concat-map': [ '0.0.1' ],
14 silly audit   'content-type': [ '1.0.5' ],
14 silly audit   cookie: [ '0.7.1' ],
14 silly audit   'cookie-session': [ '2.1.1' ],
14 silly audit   'content-disposition': [ '0.5.4' ],
14 silly audit   'cookie-signature': [ '1.0.6' ],
14 silly audit   cookies: [ '0.9.1' ],
14 silly audit   'decompress-response': [ '6.0.0' ],
14 silly audit   'deep-extend': [ '0.6.0' ],
14 silly audit   delegates: [ '1.0.0' ],
14 silly audit   'detect-libc': [ '2.0.4' ],
14 silly audit   depd: [ '2.0.0' ],
14 silly audit   destroy: [ '1.2.0' ],
14 silly audit   'ee-first': [ '1.1.1' ],
14 silly audit   'emoji-regex': [ '8.0.0' ],
14 silly audit   'dunder-proto': [ '1.0.1' ],
14 silly audit   encodeurl: [ '2.0.0', '1.0.2' ],
14 silly audit   'end-of-stream': [ '1.4.5' ],
14 silly audit   'es-define-property': [ '1.0.1' ],
14 silly audit   'es-errors': [ '1.3.0' ],
14 silly audit   'es-object-atoms': [ '1.1.1' ],
14 silly audit   'escape-html': [ '1.0.3' ],
14 silly audit   'expand-template': [ '2.0.3' ],
14 silly audit   etag: [ '1.8.1' ],
14 silly audit   'express-rate-limit': [ '7.5.1' ],
14 silly audit   'file-uri-to-path': [ '1.0.0' ],
14 silly audit   forwarded: [ '0.2.0' ],
14 silly audit   finalhandler: [ '1.3.1' ],
14 silly audit   express: [ '4.21.2' ],
14 silly audit   'fs-constants': [ '1.0.0' ],
14 silly audit   'fs.realpath': [ '1.0.0' ],
14 silly audit   'fs-minipass': [ '2.1.0' ],
14 silly audit   minipass: [ '3.3.6', '5.0.0' ],
14 silly audit   fresh: [ '0.5.2' ],
14 silly audit   'get-intrinsic': [ '1.3.0' ],
14 silly audit   gauge: [ '3.0.2' ],
14 silly audit   gopd: [ '1.2.0' ],
14 silly audit   'function-bind': [ '1.1.2' ],
14 silly audit   glob: [ '7.2.3' ],
14 silly audit   'github-from-package': [ '0.0.0' ],
14 silly audit   'get-proto': [ '1.0.1' ],
14 silly audit   'has-unicode': [ '2.0.1' ],
14 silly audit   'has-symbols': [ '1.1.0' ],
14 silly audit   helmet: [ '7.2.0' ],
14 silly audit   'https-proxy-agent': [ '5.0.1' ],
14 silly audit   hasown: [ '2.0.2' ],
14 silly audit   'iconv-lite': [ '0.4.24' ],
14 silly audit   'http-errors': [ '2.0.0' ],
14 silly audit   inflight: [ '1.0.6' ],
14 silly audit   ieee754: [ '1.2.1' ],
14 silly audit   inherits: [ '2.0.4' ],
14 silly audit   'ipaddr.js': [ '1.9.1' ],
14 silly audit   ini: [ '1.3.8' ],
14 silly audit   'is-fullwidth-code-point': [ '3.0.0' ],
14 silly audit   'math-intrinsics': [ '1.1.0' ],
14 silly audit   keygrip: [ '1.1.0' ],
14 silly audit   'media-typer': [ '0.3.0' ],
14 silly audit   'make-dir': [ '3.1.0' ],
14 silly audit   semver: [ '6.3.1', '7.7.2' ],
14 silly audit   'merge-descriptors': [ '1.0.3' ],
14 silly audit   mime: [ '1.6.0' ],
14 silly audit   methods: [ '1.1.2' ],
14 silly audit   'mime-db': [ '1.52.0' ],
14 silly audit   'mimic-response': [ '3.1.0' ],
14 silly audit   'mime-types': [ '2.1.35' ],
14 silly audit   minimatch: [ '3.1.2' ],
14 silly audit   minizlib: [ '2.1.2' ],
14 silly audit   mkdirp: [ '1.0.4' ],
14 silly audit   minimist: [ '1.2.8' ],
14 silly audit   'mkdirp-classic': [ '0.5.3' ],
14 silly audit   'napi-build-utils': [ '2.0.0' ],
14 silly audit   negotiator: [ '0.6.3' ],
14 silly audit   'node-addon-api': [ '5.1.0' ],
14 silly audit   'node-fetch': [ '2.7.0' ],
14 silly audit   'node-abi': [ '3.77.0' ],
14 silly audit   nopt: [ '5.0.0' ],
14 silly audit   npmlog: [ '5.0.1' ],
14 silly audit   'object-inspect': [ '1.13.4' ],
14 silly audit   'object-assign': [ '4.1.1' ],
14 silly audit   'on-finished': [ '2.4.1' ],
14 silly audit   'path-to-regexp': [ '0.1.12' ],
14 silly audit   once: [ '1.4.0' ],
14 silly audit   parseurl: [ '1.3.3' ],
14 silly audit   'prebuild-install': [ '7.1.3' ],
14 silly audit   'on-headers': [ '1.1.0' ],
14 silly audit   pump: [ '3.0.3' ],
14 silly audit   qs: [ '6.13.0' ],
14 silly audit   'proxy-addr': [ '2.0.7' ],
14 silly audit   'range-parser': [ '1.2.1' ],
14 silly audit   rc: [ '1.2.8' ],
14 silly audit   'readable-stream': [ '3.6.2' ],
14 silly audit   'raw-body': [ '2.5.2' ],
14 silly audit   'safe-buffer': [ '5.2.1' ],
14 silly audit   'safer-buffer': [ '2.1.2' ],
14 silly audit   'path-is-absolute': [ '1.0.1' ],
14 silly audit   rimraf: [ '3.0.2' ],
14 silly audit   'serve-static': [ '1.16.2' ],
14 silly audit   setprototypeof: [ '1.2.0' ],
14 silly audit   send: [ '0.19.0' ],
14 silly audit   'set-blocking': [ '2.0.0' ],
14 silly audit   'side-channel': [ '1.1.0' ],
14 silly audit   'side-channel-list': [ '1.0.0' ],
14 silly audit   'side-channel-map': [ '1.0.1' ],
14 silly audit   'side-channel-weakmap': [ '1.0.2' ],
14 silly audit   'signal-exit': [ '3.0.7' ],
14 silly audit   'simple-concat': [ '1.0.1' ],
14 silly audit   'simple-get': [ '4.0.1' ],
14 silly audit   'string-width': [ '4.2.3' ],
14 silly audit   statuses: [ '2.0.1' ],
14 silly audit   'strip-ansi': [ '6.0.1' ],
14 silly audit   tar: [ '6.2.1' ],
14 silly audit   'tar-fs': [ '2.1.3' ],
14 silly audit   'strip-json-comments': [ '2.0.1' ],
14 silly audit   string_decoder: [ '1.3.0' ],
14 silly audit   'tar-stream': [ '2.2.0' ],
14 silly audit   toidentifier: [ '1.0.1' ],
14 silly audit   'tunnel-agent': [ '0.6.0' ],
14 silly audit   tsscmp: [ '1.0.6' ],
14 silly audit   tr46: [ '0.0.3' ],
14 silly audit   'type-is': [ '1.6.18' ],
14 silly audit   unpipe: [ '1.0.0' ],
14 silly audit   'util-deprecate': [ '1.0.2' ],
14 silly audit   'webidl-conversions': [ '3.0.1' ],
14 silly audit   vary: [ '1.1.2' ],
14 silly audit   'whatwg-url': [ '5.0.0' ],
14 silly audit   'utils-merge': [ '1.0.1' ],
14 silly audit   yallist: [ '4.0.0' ],
14 silly audit   wrappy: [ '1.0.2' ],
14 silly audit   '@mapbox/node-pre-gyp': [ '1.0.11' ],
14 silly audit   'wide-align': [ '1.1.5' ]
14 silly audit }
15 http fetch POST 200 https://registry.npmjs.org/-/npm/v1/security/advisories/bulk 287ms
16 silly audit report {}
17 verbose cwd /home/ubuntu/wikiflow
18 verbose os Linux 6.8.0-1036-aws
19 verbose node v22.19.0
20 verbose npm  v10.9.3
21 verbose exit 0
22 info ok
